<?xml version="1.0" encoding="UTF-8"?>
<!-- Generated by org.testng.reporters.JUnitXMLReporter -->
<testsuite hostname="MD1FBVXC" name="Default test" tests="5" failures="0" timestamp="25 Dec 2016 15:26:20 GMT" time="48.908" errors="0">
  <testcase name="csvDataRead" time="5.105" classname="com.gurukula.dataTests.DataTests"/>
  <testcase name="csvDataRead" time="5.545" classname="com.gurukula.dataTests.DataTests"/>
  <testcase name="csvDataRead" time="4.972" classname="com.gurukula.dataTests.DataTests"/>
  <testcase name="csvDataRead" time="4.986" classname="com.gurukula.dataTests.DataTests"/>
  <testcase name="csvDataRead" time="5.031" classname="com.gurukula.dataTests.DataTests"/>
</testsuite> <!-- Default test -->
