<?xml version="1.0" encoding="UTF-8"?>
<testng-results skipped="0" failed="0" total="5" passed="5">
  <reporter-output>
    <line>
      <![CDATA[[TestResult name=csvDataRead status=SUCCESS method=DataTests.csvDataRead(java.lang.String, java.lang.String)[pri:0, instance:com.gurukula.dataTests.DataTests@59f99ea] output={null}]<br/><a href='F:\workworkwork\gurukulaSelin\target\surefire-reports\screenShots\gurukula_csvDataRead_25-12-2016_17-39'> <img src='F:\workworkwork\gurukulaSelin\target\surefire-reports\screenShots\gurukula_csvDataRead_25-12-2016_17-39' height='100' width='100'/> </a>]]>
    </line>
    <line>
      <![CDATA[[TestResult name=csvDataRead status=SUCCESS method=DataTests.csvDataRead(java.lang.String, java.lang.String)[pri:0, instance:com.gurukula.dataTests.DataTests@59f99ea] output={null}]<br/><a href='F:\workworkwork\gurukulaSelin\target\surefire-reports\screenShots\gurukula_csvDataRead_25-12-2016_17-47'> <img src='F:\workworkwork\gurukulaSelin\target\surefire-reports\screenShots\gurukula_csvDataRead_25-12-2016_17-47' height='100' width='100'/> </a>]]>
    </line>
    <line>
      <![CDATA[[TestResult name=csvDataRead status=SUCCESS method=DataTests.csvDataRead(java.lang.String, java.lang.String)[pri:0, instance:com.gurukula.dataTests.DataTests@59f99ea] output={null}]<br/><a href='F:\workworkwork\gurukulaSelin\target\surefire-reports\screenShots\gurukula_csvDataRead_25-12-2016_17-57'> <img src='F:\workworkwork\gurukulaSelin\target\surefire-reports\screenShots\gurukula_csvDataRead_25-12-2016_17-57' height='100' width='100'/> </a>]]>
    </line>
    <line>
      <![CDATA[[TestResult name=csvDataRead status=SUCCESS method=DataTests.csvDataRead(java.lang.String, java.lang.String)[pri:0, instance:com.gurukula.dataTests.DataTests@59f99ea] output={null}]<br/><a href='F:\workworkwork\gurukulaSelin\target\surefire-reports\screenShots\gurukula_csvDataRead_25-12-2016_17-07'> <img src='F:\workworkwork\gurukulaSelin\target\surefire-reports\screenShots\gurukula_csvDataRead_25-12-2016_17-07' height='100' width='100'/> </a>]]>
    </line>
    <line>
      <![CDATA[[TestResult name=csvDataRead status=SUCCESS method=DataTests.csvDataRead(java.lang.String, java.lang.String)[pri:0, instance:com.gurukula.dataTests.DataTests@59f99ea] output={null}]<br/><a href='F:\workworkwork\gurukulaSelin\target\surefire-reports\screenShots\gurukula_csvDataRead_25-12-2016_17-17'> <img src='F:\workworkwork\gurukulaSelin\target\surefire-reports\screenShots\gurukula_csvDataRead_25-12-2016_17-17' height='100' width='100'/> </a>]]>
    </line>
  </reporter-output>
  <suite name="Default suite" duration-ms="48908" started-at="2016-12-25T15:25:31Z" finished-at="2016-12-25T15:26:20Z">
    <groups>
    </groups>
    <test name="Default test" duration-ms="48908" started-at="2016-12-25T15:25:31Z" finished-at="2016-12-25T15:26:20Z">
      <class name="com.gurukula.dataTests.DataTests">
        <test-method status="PASS" signature="setEnv(java.lang.String)[pri:0, instance:com.gurukula.dataTests.DataTests@59f99ea]" name="setEnv" is-config="true" duration-ms="10" started-at="2016-12-25T17:25:31Z" finished-at="2016-12-25T17:25:31Z">
          <params>
            <param index="0">
              <value>
                <![CDATA[http://127.0.0.1:8080/]]>
              </value>
            </param>
          </params>
          <reporter-output>
          </reporter-output>
        </test-method> <!-- setEnv -->
        <test-method status="PASS" signature="setUp()[pri:0, instance:com.gurukula.dataTests.DataTests@59f99ea]" name="setUp" is-config="true" duration-ms="2197" started-at="2016-12-25T17:25:31Z" finished-at="2016-12-25T17:25:33Z">
          <reporter-output>
          </reporter-output>
        </test-method> <!-- setUp -->
        <test-method status="PASS" signature="csvDataRead(java.lang.String, java.lang.String)[pri:0, instance:com.gurukula.dataTests.DataTests@59f99ea]" name="csvDataRead" duration-ms="5105" started-at="2016-12-25T17:25:33Z" data-provider="dataTest" finished-at="2016-12-25T17:25:39Z">
          <params>
            <param index="0">
              <value>
                <![CDATA[mybranch]]>
              </value>
            </param>
            <param index="1">
              <value>
                <![CDATA[M01]]>
              </value>
            </param>
          </params>
          <reporter-output>
          </reporter-output>
        </test-method> <!-- csvDataRead -->
        <test-method status="PASS" signature="closeBrowser(org.testng.ITestResult)[pri:0, instance:com.gurukula.dataTests.DataTests@59f99ea]" name="closeBrowser" is-config="true" duration-ms="860" started-at="2016-12-25T17:25:39Z" finished-at="2016-12-25T17:25:39Z">
          <params>
            <param index="0">
              <value>
                <![CDATA[[TestResult name=csvDataRead status=SUCCESS method=DataTests.csvDataRead(java.lang.String, java.lang.String)[pri:0, instance:com.gurukula.dataTests.DataTests@59f99ea] output={null}]]]>
              </value>
            </param>
          </params>
          <reporter-output>
            <line>
              <![CDATA[[TestResult name=csvDataRead status=SUCCESS method=DataTests.csvDataRead(java.lang.String, java.lang.String)[pri:0, instance:com.gurukula.dataTests.DataTests@59f99ea] output={null}]<br/><a href='F:\workworkwork\gurukulaSelin\target\surefire-reports\screenShots\gurukula_csvDataRead_25-12-2016_17-39'> <img src='F:\workworkwork\gurukulaSelin\target\surefire-reports\screenShots\gurukula_csvDataRead_25-12-2016_17-39' height='100' width='100'/> </a>]]>
            </line>
          </reporter-output>
        </test-method> <!-- closeBrowser -->
        <test-method status="PASS" signature="setUp()[pri:0, instance:com.gurukula.dataTests.DataTests@59f99ea]" name="setUp" is-config="true" duration-ms="1972" started-at="2016-12-25T17:25:39Z" finished-at="2016-12-25T17:25:41Z">
          <reporter-output>
          </reporter-output>
        </test-method> <!-- setUp -->
        <test-method status="PASS" signature="csvDataRead(java.lang.String, java.lang.String)[pri:0, instance:com.gurukula.dataTests.DataTests@59f99ea]" name="csvDataRead" duration-ms="5545" started-at="2016-12-25T17:25:41Z" data-provider="dataTest" finished-at="2016-12-25T17:25:47Z">
          <params>
            <param index="0">
              <value>
                <![CDATA[selinselin]]>
              </value>
            </param>
            <param index="1">
              <value>
                <![CDATA[M02]]>
              </value>
            </param>
          </params>
          <reporter-output>
          </reporter-output>
        </test-method> <!-- csvDataRead -->
        <test-method status="PASS" signature="closeBrowser(org.testng.ITestResult)[pri:0, instance:com.gurukula.dataTests.DataTests@59f99ea]" name="closeBrowser" is-config="true" duration-ms="3070" started-at="2016-12-25T17:25:47Z" finished-at="2016-12-25T17:25:50Z">
          <params>
            <param index="0">
              <value>
                <![CDATA[[TestResult name=csvDataRead status=SUCCESS method=DataTests.csvDataRead(java.lang.String, java.lang.String)[pri:0, instance:com.gurukula.dataTests.DataTests@59f99ea] output={null}]]]>
              </value>
            </param>
          </params>
          <reporter-output>
            <line>
              <![CDATA[[TestResult name=csvDataRead status=SUCCESS method=DataTests.csvDataRead(java.lang.String, java.lang.String)[pri:0, instance:com.gurukula.dataTests.DataTests@59f99ea] output={null}]<br/><a href='F:\workworkwork\gurukulaSelin\target\surefire-reports\screenShots\gurukula_csvDataRead_25-12-2016_17-47'> <img src='F:\workworkwork\gurukulaSelin\target\surefire-reports\screenShots\gurukula_csvDataRead_25-12-2016_17-47' height='100' width='100'/> </a>]]>
            </line>
          </reporter-output>
        </test-method> <!-- closeBrowser -->
        <test-method status="PASS" signature="setUp()[pri:0, instance:com.gurukula.dataTests.DataTests@59f99ea]" name="setUp" is-config="true" duration-ms="2062" started-at="2016-12-25T17:25:50Z" finished-at="2016-12-25T17:25:52Z">
          <reporter-output>
          </reporter-output>
        </test-method> <!-- setUp -->
        <test-method status="PASS" signature="csvDataRead(java.lang.String, java.lang.String)[pri:0, instance:com.gurukula.dataTests.DataTests@59f99ea]" name="csvDataRead" duration-ms="4972" started-at="2016-12-25T17:25:52Z" data-provider="dataTest" finished-at="2016-12-25T17:25:57Z">
          <params>
            <param index="0">
              <value>
                <![CDATA[jellybean]]>
              </value>
            </param>
            <param index="1">
              <value>
                <![CDATA[E91]]>
              </value>
            </param>
          </params>
          <reporter-output>
          </reporter-output>
        </test-method> <!-- csvDataRead -->
        <test-method status="PASS" signature="closeBrowser(org.testng.ITestResult)[pri:0, instance:com.gurukula.dataTests.DataTests@59f99ea]" name="closeBrowser" is-config="true" duration-ms="3016" started-at="2016-12-25T17:25:57Z" finished-at="2016-12-25T17:26:00Z">
          <params>
            <param index="0">
              <value>
                <![CDATA[[TestResult name=csvDataRead status=SUCCESS method=DataTests.csvDataRead(java.lang.String, java.lang.String)[pri:0, instance:com.gurukula.dataTests.DataTests@59f99ea] output={null}]]]>
              </value>
            </param>
          </params>
          <reporter-output>
            <line>
              <![CDATA[[TestResult name=csvDataRead status=SUCCESS method=DataTests.csvDataRead(java.lang.String, java.lang.String)[pri:0, instance:com.gurukula.dataTests.DataTests@59f99ea] output={null}]<br/><a href='F:\workworkwork\gurukulaSelin\target\surefire-reports\screenShots\gurukula_csvDataRead_25-12-2016_17-57'> <img src='F:\workworkwork\gurukulaSelin\target\surefire-reports\screenShots\gurukula_csvDataRead_25-12-2016_17-57' height='100' width='100'/> </a>]]>
            </line>
          </reporter-output>
        </test-method> <!-- closeBrowser -->
        <test-method status="PASS" signature="setUp()[pri:0, instance:com.gurukula.dataTests.DataTests@59f99ea]" name="setUp" is-config="true" duration-ms="2038" started-at="2016-12-25T17:26:00Z" finished-at="2016-12-25T17:26:02Z">
          <reporter-output>
          </reporter-output>
        </test-method> <!-- setUp -->
        <test-method status="PASS" signature="csvDataRead(java.lang.String, java.lang.String)[pri:0, instance:com.gurukula.dataTests.DataTests@59f99ea]" name="csvDataRead" duration-ms="4986" started-at="2016-12-25T17:26:02Z" data-provider="dataTest" finished-at="2016-12-25T17:26:07Z">
          <params>
            <param index="0">
              <value>
                <![CDATA[donut]]>
              </value>
            </param>
            <param index="1">
              <value>
                <![CDATA[D10]]>
              </value>
            </param>
          </params>
          <reporter-output>
          </reporter-output>
        </test-method> <!-- csvDataRead -->
        <test-method status="PASS" signature="closeBrowser(org.testng.ITestResult)[pri:0, instance:com.gurukula.dataTests.DataTests@59f99ea]" name="closeBrowser" is-config="true" duration-ms="2870" started-at="2016-12-25T17:26:07Z" finished-at="2016-12-25T17:26:10Z">
          <params>
            <param index="0">
              <value>
                <![CDATA[[TestResult name=csvDataRead status=SUCCESS method=DataTests.csvDataRead(java.lang.String, java.lang.String)[pri:0, instance:com.gurukula.dataTests.DataTests@59f99ea] output={null}]]]>
              </value>
            </param>
          </params>
          <reporter-output>
            <line>
              <![CDATA[[TestResult name=csvDataRead status=SUCCESS method=DataTests.csvDataRead(java.lang.String, java.lang.String)[pri:0, instance:com.gurukula.dataTests.DataTests@59f99ea] output={null}]<br/><a href='F:\workworkwork\gurukulaSelin\target\surefire-reports\screenShots\gurukula_csvDataRead_25-12-2016_17-07'> <img src='F:\workworkwork\gurukulaSelin\target\surefire-reports\screenShots\gurukula_csvDataRead_25-12-2016_17-07' height='100' width='100'/> </a>]]>
            </line>
          </reporter-output>
        </test-method> <!-- closeBrowser -->
        <test-method status="PASS" signature="setUp()[pri:0, instance:com.gurukula.dataTests.DataTests@59f99ea]" name="setUp" is-config="true" duration-ms="2035" started-at="2016-12-25T17:26:10Z" finished-at="2016-12-25T17:26:12Z">
          <reporter-output>
          </reporter-output>
        </test-method> <!-- setUp -->
        <test-method status="PASS" signature="csvDataRead(java.lang.String, java.lang.String)[pri:0, instance:com.gurukula.dataTests.DataTests@59f99ea]" name="csvDataRead" duration-ms="5031" started-at="2016-12-25T17:26:12Z" data-provider="dataTest" finished-at="2016-12-25T17:26:17Z">
          <params>
            <param index="0">
              <value>
                <![CDATA[marshmallow]]>
              </value>
            </param>
            <param index="1">
              <value>
                <![CDATA[M45]]>
              </value>
            </param>
          </params>
          <reporter-output>
          </reporter-output>
        </test-method> <!-- csvDataRead -->
        <test-method status="PASS" signature="closeBrowser(org.testng.ITestResult)[pri:0, instance:com.gurukula.dataTests.DataTests@59f99ea]" name="closeBrowser" is-config="true" duration-ms="3125" started-at="2016-12-25T17:26:17Z" finished-at="2016-12-25T17:26:20Z">
          <params>
            <param index="0">
              <value>
                <![CDATA[[TestResult name=csvDataRead status=SUCCESS method=DataTests.csvDataRead(java.lang.String, java.lang.String)[pri:0, instance:com.gurukula.dataTests.DataTests@59f99ea] output={null}]]]>
              </value>
            </param>
          </params>
          <reporter-output>
            <line>
              <![CDATA[[TestResult name=csvDataRead status=SUCCESS method=DataTests.csvDataRead(java.lang.String, java.lang.String)[pri:0, instance:com.gurukula.dataTests.DataTests@59f99ea] output={null}]<br/><a href='F:\workworkwork\gurukulaSelin\target\surefire-reports\screenShots\gurukula_csvDataRead_25-12-2016_17-17'> <img src='F:\workworkwork\gurukulaSelin\target\surefire-reports\screenShots\gurukula_csvDataRead_25-12-2016_17-17' height='100' width='100'/> </a>]]>
            </line>
          </reporter-output>
        </test-method> <!-- closeBrowser -->
      </class> <!-- com.gurukula.dataTests.DataTests -->
    </test> <!-- Default test -->
  </suite> <!-- Default suite -->
</testng-results>
