<?xml version="1.0" encoding="UTF-8"?>
<testng-results skipped="0" failed="0" total="2" passed="2">
  <reporter-output>
    <line>
      <![CDATA[[TestResult name=TC001_checkNewBranch status=SUCCESS method=BranchTests.TC001_checkNewBranch()[pri:0, instance:com.gurukula.e2eTests.BranchTests@28d25987] output={null}]<br/><a href='F:\workworkwork\gurukulaSelin\target\surefire-reports\screenShots\gurukula_TC001_checkNewBranch_24-12-2016_14-25'> <img src='F:\workworkwork\gurukulaSelin\target\surefire-reports\screenShots\gurukula_TC001_checkNewBranch_24-12-2016_14-25' height='100' width='100'/> </a>]]>
    </line>
    <line>
      <![CDATA[[TestResult name=TC002_deleteBranch status=SUCCESS method=BranchTests.TC002_deleteBranch()[pri:0, instance:com.gurukula.e2eTests.BranchTests@28d25987] output={null}]<br/><a href='F:\workworkwork\gurukulaSelin\target\surefire-reports\screenShots\gurukula_TC002_deleteBranch_24-12-2016_14-38'> <img src='F:\workworkwork\gurukulaSelin\target\surefire-reports\screenShots\gurukula_TC002_deleteBranch_24-12-2016_14-38' height='100' width='100'/> </a>]]>
    </line>
  </reporter-output>
  <suite name="Default suite" duration-ms="24809" started-at="2016-12-24T12:53:16Z" finished-at="2016-12-24T12:53:41Z">
    <groups>
    </groups>
    <test name="Default test" duration-ms="24809" started-at="2016-12-24T12:53:16Z" finished-at="2016-12-24T12:53:41Z">
      <class name="com.gurukula.e2eTests.BranchTests">
        <test-method status="PASS" signature="setEnv(java.lang.String)[pri:0, instance:com.gurukula.e2eTests.BranchTests@28d25987]" name="setEnv" is-config="true" duration-ms="12" started-at="2016-12-24T14:53:16Z" finished-at="2016-12-24T14:53:16Z">
          <params>
            <param index="0">
              <value>
                <![CDATA[http://127.0.0.1:8080/]]>
              </value>
            </param>
          </params>
          <reporter-output>
          </reporter-output>
        </test-method> <!-- setEnv -->
        <test-method status="PASS" signature="setUp()[pri:0, instance:com.gurukula.e2eTests.BranchTests@28d25987]" name="setUp" is-config="true" duration-ms="2373" started-at="2016-12-24T14:53:16Z" finished-at="2016-12-24T14:53:18Z">
          <reporter-output>
          </reporter-output>
        </test-method> <!-- setUp -->
        <test-method status="PASS" signature="TC001_checkNewBranch()[pri:0, instance:com.gurukula.e2eTests.BranchTests@28d25987]" name="TC001_checkNewBranch" duration-ms="6804" started-at="2016-12-24T14:53:18Z" finished-at="2016-12-24T14:53:25Z">
          <reporter-output>
          </reporter-output>
        </test-method> <!-- TC001_checkNewBranch -->
        <test-method status="PASS" signature="closeBrowser(org.testng.ITestResult)[pri:0, instance:com.gurukula.e2eTests.BranchTests@28d25987]" name="closeBrowser" is-config="true" duration-ms="3123" started-at="2016-12-24T14:53:25Z" finished-at="2016-12-24T14:53:28Z">
          <params>
            <param index="0">
              <value>
                <![CDATA[[TestResult name=TC001_checkNewBranch status=SUCCESS method=BranchTests.TC001_checkNewBranch()[pri:0, instance:com.gurukula.e2eTests.BranchTests@28d25987] output={null}]]]>
              </value>
            </param>
          </params>
          <reporter-output>
            <line>
              <![CDATA[[TestResult name=TC001_checkNewBranch status=SUCCESS method=BranchTests.TC001_checkNewBranch()[pri:0, instance:com.gurukula.e2eTests.BranchTests@28d25987] output={null}]<br/><a href='F:\workworkwork\gurukulaSelin\target\surefire-reports\screenShots\gurukula_TC001_checkNewBranch_24-12-2016_14-25'> <img src='F:\workworkwork\gurukulaSelin\target\surefire-reports\screenShots\gurukula_TC001_checkNewBranch_24-12-2016_14-25' height='100' width='100'/> </a>]]>
            </line>
          </reporter-output>
        </test-method> <!-- closeBrowser -->
        <test-method status="PASS" signature="setUp()[pri:0, instance:com.gurukula.e2eTests.BranchTests@28d25987]" name="setUp" is-config="true" duration-ms="2119" started-at="2016-12-24T14:53:28Z" finished-at="2016-12-24T14:53:30Z">
          <reporter-output>
          </reporter-output>
        </test-method> <!-- setUp -->
        <test-method status="PASS" signature="TC002_deleteBranch()[pri:0, instance:com.gurukula.e2eTests.BranchTests@28d25987]" name="TC002_deleteBranch" duration-ms="7588" started-at="2016-12-24T14:53:30Z" finished-at="2016-12-24T14:53:38Z">
          <reporter-output>
          </reporter-output>
        </test-method> <!-- TC002_deleteBranch -->
        <test-method status="PASS" signature="closeBrowser(org.testng.ITestResult)[pri:0, instance:com.gurukula.e2eTests.BranchTests@28d25987]" name="closeBrowser" is-config="true" duration-ms="2789" started-at="2016-12-24T14:53:38Z" finished-at="2016-12-24T14:53:41Z">
          <params>
            <param index="0">
              <value>
                <![CDATA[[TestResult name=TC002_deleteBranch status=SUCCESS method=BranchTests.TC002_deleteBranch()[pri:0, instance:com.gurukula.e2eTests.BranchTests@28d25987] output={null}]]]>
              </value>
            </param>
          </params>
          <reporter-output>
            <line>
              <![CDATA[[TestResult name=TC002_deleteBranch status=SUCCESS method=BranchTests.TC002_deleteBranch()[pri:0, instance:com.gurukula.e2eTests.BranchTests@28d25987] output={null}]<br/><a href='F:\workworkwork\gurukulaSelin\target\surefire-reports\screenShots\gurukula_TC002_deleteBranch_24-12-2016_14-38'> <img src='F:\workworkwork\gurukulaSelin\target\surefire-reports\screenShots\gurukula_TC002_deleteBranch_24-12-2016_14-38' height='100' width='100'/> </a>]]>
            </line>
          </reporter-output>
        </test-method> <!-- closeBrowser -->
      </class> <!-- com.gurukula.e2eTests.BranchTests -->
    </test> <!-- Default test -->
  </suite> <!-- Default suite -->
</testng-results>
